17:48:15.392 karate.env system property was: null 
17:48:16.329 request:
1 > POST http://dummy.restapiexample.com/api/v1/create
1 > Accept-Encoding: gzip,deflate
1 > Connection: Keep-Alive
1 > Content-Length: 53
1 > Content-Type: application/json; charset=UTF-8
1 > Host: dummy.restapiexample.com
1 > User-Agent: Apache-HttpClient/4.5.5 (Java/1.8.0_144)
{"name":"Hasan Sas Pros","salary":"21000","age":"32"}

17:48:18.339 response time in milliseconds: 2012.03
1 < 200
1 < Accept-Ranges: bytes
1 < Access-Control-Allow-Origin: *
1 < Access-Control-Expose-Headers: Content-Type, X-Requested-With, X-authentication, X-client
1 < Age: 0
1 < Cache-Control: no-store, no-cache, must-revalidate
1 < Content-Length: 67
1 < Content-Type: text/html; charset=UTF-8
1 < Date: Sun, 15 Dec 2019 11:48:19 GMT
1 < Expires: Thu, 19 Nov 1981 08:52:00 GMT
1 < Pagespeed: off
1 < Pragma: no-cache
1 < Referrer-Policy: 
1 < Response: 200
1 < Server: nginx/1.16.0
1 < Set-Cookie: [PHPSESSID=553401fd8b3ba562d15d330c0f37dc1d; path=/, ezoadgid_133674=-1; Path=/; Domain=restapiexample.com; Expires=Sun, 15 Dec 2019 12:18:18 UTC, ezoref_133674=; Path=/; Domain=restapiexample.com; Expires=Sun, 15 Dec 2019 13:48:18 UTC, ezoab_133674=mod19-c; Path=/; Domain=restapiexample.com; Expires=Sun, 15 Dec 2019 13:48:18 UTC, active_template::133674=pub_site.1576410498; Path=/; Domain=restapiexample.com; Expires=Tue, 17 Dec 2019 11:48:18 UTC, ezCMPCCS=true; Path=/; Domain=restapiexample.com; Expires=Tue, 15 Dec 2020 11:48:19 GMT]
1 < Vary: Accept-Encoding,X-APP-JSON
1 < Via: 1.1 varnish (Varnish/6.0)
1 < X-Ezoic-Cdn: Miss
1 < X-Middleton-Response: 200
1 < X-Shard: 
1 < X-Sol: pub_site
1 < X-Varnish: 273132426
1 < X-Vcache: Miss
{"name":"Hasan Sas Pros","salary":"21000","age":"32","id":"177938"}

